0 info it worked if it ends with ok
1 verbose cli [ '/home/likewise-open/FRAMGIA/trieu.duc.phuong/.nvm/versions/node/v5.0.0/bin/node',
1 verbose cli   '/home/likewise-open/FRAMGIA/trieu.duc.phuong/.nvm/versions/node/v5.0.0/bin/npm',
1 verbose cli   'stop' ]
2 info using npm@3.3.6
3 info using node@v5.0.0
4 verbose stack Error: missing script: stop
4 verbose stack     at run (/home/likewise-open/FRAMGIA/trieu.duc.phuong/.nvm/versions/node/v5.0.0/lib/node_modules/npm/lib/run-script.js:148:19)
4 verbose stack     at /home/likewise-open/FRAMGIA/trieu.duc.phuong/.nvm/versions/node/v5.0.0/lib/node_modules/npm/lib/run-script.js:58:5
4 verbose stack     at /home/likewise-open/FRAMGIA/trieu.duc.phuong/.nvm/versions/node/v5.0.0/lib/node_modules/npm/node_modules/read-package-json/read-json.js:345:5
4 verbose stack     at checkBinReferences_ (/home/likewise-open/FRAMGIA/trieu.duc.phuong/.nvm/versions/node/v5.0.0/lib/node_modules/npm/node_modules/read-package-json/read-json.js:309:45)
4 verbose stack     at final (/home/likewise-open/FRAMGIA/trieu.duc.phuong/.nvm/versions/node/v5.0.0/lib/node_modules/npm/node_modules/read-package-json/read-json.js:343:3)
4 verbose stack     at then (/home/likewise-open/FRAMGIA/trieu.duc.phuong/.nvm/versions/node/v5.0.0/lib/node_modules/npm/node_modules/read-package-json/read-json.js:113:5)
4 verbose stack     at ReadFileContext.<anonymous> (/home/likewise-open/FRAMGIA/trieu.duc.phuong/.nvm/versions/node/v5.0.0/lib/node_modules/npm/node_modules/read-package-json/read-json.js:284:20)
4 verbose stack     at ReadFileContext.callback (/home/likewise-open/FRAMGIA/trieu.duc.phuong/.nvm/versions/node/v5.0.0/lib/node_modules/npm/node_modules/graceful-fs/graceful-fs.js:76:16)
4 verbose stack     at FSReqWrap.readFileAfterOpen [as oncomplete] (fs.js:324:13)
5 verbose cwd /home/likewise-open/FRAMGIA/trieu.duc.phuong/AngularJS/angular2-quickstart
6 error Linux 3.16.0-30-generic
7 error argv "/home/likewise-open/FRAMGIA/trieu.duc.phuong/.nvm/versions/node/v5.0.0/bin/node" "/home/likewise-open/FRAMGIA/trieu.duc.phuong/.nvm/versions/node/v5.0.0/bin/npm" "stop"
8 error node v5.0.0
9 error npm  v3.3.6
10 error missing script: stop
11 error If you need help, you may report this error at:
11 error     <https://github.com/npm/npm/issues>
12 verbose exit [ 1, true ]
